Start testing: Dec 10 13:52 NZDT
----------------------------------------------------------
1/1 Testing: locatejson_unit_testexe
1/1 Test: locatejson_unit_testexe
Command: "/home/james/repos/locatejson/test/dynamic_analysis_wrapper.sh" "/home/james/repos/locatejson/test/unit/locatejson_unit_testexe"
Directory: /home/james/repos/locatejson/test/unit
"locatejson_unit_testexe" start time: Dec 10 13:52 NZDT
Output:
----------------------------------------------------------
==3754== Memcheck, a memory error detector
==3754== Copyright (C) 2002-2013, and GNU GPL'd, by Julian Seward et al.
==3754== Using Valgrind-3.10.1 and LibVEX; rerun with -h for copyright info
==3754== Command: /home/james/repos/locatejson/test/unit/locatejson_unit_testexe
==3754== 
==3754== 
==3754== HEAP SUMMARY:
==3754==     in use at exit: 72,704 bytes in 1 blocks
==3754==   total heap usage: 1 allocs, 0 frees, 72,704 bytes allocated
==3754== 
==3754== 72,704 bytes in 1 blocks are still reachable in loss record 1 of 1
==3754==    at 0x4C2AB80: malloc (in /usr/lib/valgrind/vgpreload_memcheck-amd64-linux.so)
==3754==    by 0x4E9D62F: ??? (in /usr/lib/x86_64-linux-gnu/libstdc++.so.6.0.22)
==3754==    by 0x4010109: call_init.part.0 (dl-init.c:78)
==3754==    by 0x40101F2: call_init (dl-init.c:36)
==3754==    by 0x40101F2: _dl_init (dl-init.c:126)
==3754==    by 0x4001309: ??? (in /lib/x86_64-linux-gnu/ld-2.19.so)
==3754== 
==3754== LEAK SUMMARY:
==3754==    definitely lost: 0 bytes in 0 blocks
==3754==    indirectly lost: 0 bytes in 0 blocks
==3754==      possibly lost: 0 bytes in 0 blocks
==3754==    still reachable: 72,704 bytes in 1 blocks
==3754==         suppressed: 0 bytes in 0 blocks
==3754== 
==3754== For counts of detected and suppressed errors, rerun with: -v
==3754== ERROR SUMMARY: 0 errors from 0 contexts (suppressed: 0 from 0)
<end of output>
Test time =   1.17 sec
----------------------------------------------------------
Test Passed.
"locatejson_unit_testexe" end time: Dec 10 13:52 NZDT
"locatejson_unit_testexe" time elapsed: 00:00:01
----------------------------------------------------------

End testing: Dec 10 13:52 NZDT
